#
# There is insufficient memory for the Java Runtime Environment to continue.
# Native memory allocation (mmap) failed to map 67108864 bytes for G1 virtual space
# Possible reasons:
#   The system is out of physical RAM or swap space
#   The process is running with CompressedOops enabled, and the Java Heap may be blocking the growth of the native heap
# Possible solutions:
#   Reduce memory load on the system
#   Increase physical memory or swap space
#   Check if swap backing store is full
#   Decrease Java heap size (-Xmx/-Xms)
#   Decrease number of Java threads
#   Decrease Java thread stack sizes (-Xss)
#   Set larger code cache with -XX:ReservedCodeCacheSize=
#   JVM is running with Unscaled Compressed Oops mode in which the Java heap is
#     placed in the first 4GB address space. The Java Heap base address is the
#     maximum limit for the native heap growth. Please use -XX:HeapBaseMinAddress
#     to set the Java Heap base and to place the Java Heap above 4GB virtual address.
# This output file may be truncated or incomplete.
#
#  Out of Memory Error (os_windows.cpp:3466), pid=852, tid=1448
#
# JRE version:  (16.0+36) (build )
# Java VM: Java HotSpot(TM) 64-Bit Server VM (16+36-2231, mixed mode, sharing, tiered, compressed oops, g1 gc, windows-amd64)
# No core dump will be written. Minidumps are not enabled by default on client versions of Windows
#

---------------  S U M M A R Y ------------

Command Line: PlaceOrder

Host: Intel(R) Core(TM) i5-3337U CPU @ 1.80GHz, 4 cores, 3G,  Windows 10 , 64 bit Build 18362 (10.0.18362.1110)
Time: Fri Jul  2 01:36:05 2021 Pakistan Standard Time elapsed time: 0.020349 seconds (0d 0h 0m 0s)

---------------  T H R E A D  ---------------

Current thread (0x0000018f45f5e9d0):  JavaThread "Unknown thread" [_thread_in_vm, id=1448, stack(0x0000008980b00000,0x0000008980c00000)]

Stack: [0x0000008980b00000,0x0000008980c00000]
Native frames: (J=compiled Java code, j=interpreted, Vv=VM code, C=native code)
V  [jvm.dll+0x6681da]
V  [jvm.dll+0x7c9d99]
V  [jvm.dll+0x7cb4d3]
V  [jvm.dll+0x7cbb33]
V  [jvm.dll+0x242ee5]
V  [jvm.dll+0x664f99]
V  [jvm.dll+0x659b85]
V  [jvm.dll+0x2fbfcb]
V  [jvm.dll+0x3031c6]
V  [jvm.dll+0x352a0e]
V  [jvm.dll+0x352c3f]
V  [jvm.dll+0x2d3038]
V  [jvm.dll+0x2d4274]
V  [jvm.dll+0x79c691]
V  [jvm.dll+0x3607b1]
V  [jvm.dll+0x77a370]
V  [jvm.dll+0x3e501f]
V  [jvm.dll+0x3e6af1]
C  [jli.dll+0x52fb]
C  [ucrtbase.dll+0x210b2]
C  [KERNEL32.DLL+0x17c24]
C  [ntdll.dll+0x6d4d1]


---------------  P R O C E S S  ---------------

Threads class SMR info:
_java_thread_list=0x00007fffaae7cbb8, length=0, elements={
}

Java Threads: ( => current thread )

Other Threads:
  0x0000018f45fe83a0 GCTaskThread "GC Thread#0" [stack: 0x0000008980c00000,0x0000008980d00000] [id=10756]
  0x0000018f45ff21b0 ConcurrentGCThread "G1 Main Marker" [stack: 0x0000008980d00000,0x0000008980e00000] [id=12852]
  0x0000018f45ff3440 ConcurrentGCThread "G1 Conc#0" [stack: 0x0000008980e00000,0x0000008980f00000] [id=5756]

[error occurred during error reporting (printing all threads), id 0xc0000005, EXCEPTION_ACCESS_VIOLATION (0xc0000005) at pc=0x00007fffaa653ef7]

VM state: not at safepoint (not fully initialized)

VM Mutex/Monitor currently owned by a thread:  ([mutex/lock_event])
[0x0000018f45fb8930] Heap_lock - owner thread: 0x0000018f45f5e9d0

Heap address: 0x00000000c1a00000, size: 998 MB, Compressed Oops mode: 32-bit
CDS archive(s) mapped at: [0x0000000000000000-0x0000000000000000-0x0000000000000000), size 0, SharedBaseAddress: 0x0000000800000000, ArchiveRelocationMode: 0.
Narrow klass base: 0x0000000000000000, Narrow klass shift: 0, Narrow klass range: 0x0

GC Precious Log:
<Empty>

Heap:
 garbage-first heap   total 0K, used 0K [0x00000000c1a00000, 0x0000000100000000)
  region size 1024K, 0 young (0K), 0 survivors (0K)

[error occurred during error reporting (printing heap information), id 0xc0000005, EXCEPTION_ACCESS_VIOLATION (0xc0000005) at pc=0x00007fffaaa31edd]

GC Heap History (0 events):
No events

Deoptimization events (0 events):
No events

Classes unloaded (0 events):
No events

Classes redefined (0 events):
No events

Internal exceptions (0 events):
No events

Events (1 events):
Event: 0.010 Loaded shared library C:\Program Files\Java\jdk-16\bin\java.dll


Dynamic libraries:
0x00007ff775710000 - 0x00007ff775720000 	C:\Program Files\Java\jdk-16\bin\java.exe
0x00007ffff1220000 - 0x00007ffff1410000 	C:\WINDOWS\SYSTEM32\ntdll.dll
0x00007ffff09b0000 - 0x00007ffff0a62000 	C:\WINDOWS\System32\KERNEL32.DLL
0x00007fffee4d0000 - 0x00007fffee775000 	C:\WINDOWS\System32\KERNELBASE.dll
0x00007fffee270000 - 0x00007fffee36a000 	C:\WINDOWS\System32\ucrtbase.dll
0x00007fffc7a20000 - 0x00007fffc7a39000 	C:\Program Files\Java\jdk-16\bin\VCRUNTIME140.dll
0x00007fffada30000 - 0x00007fffada48000 	C:\Program Files\Java\jdk-16\bin\jli.dll
0x00007fffef670000 - 0x00007fffef713000 	C:\WINDOWS\System32\ADVAPI32.dll
0x00007fffef720000 - 0x00007fffef7be000 	C:\WINDOWS\System32\msvcrt.dll
0x00007fffef890000 - 0x00007fffef927000 	C:\WINDOWS\System32\sechost.dll
0x00007ffff10c0000 - 0x00007ffff11e0000 	C:\WINDOWS\System32\RPCRT4.dll
0x00007fffef450000 - 0x00007fffef5e4000 	C:\WINDOWS\System32\USER32.dll
0x00007fffef380000 - 0x00007fffef3a1000 	C:\WINDOWS\System32\win32u.dll
0x00007fffef420000 - 0x00007fffef446000 	C:\WINDOWS\System32\GDI32.dll
0x00007fffed620000 - 0x00007fffed8a4000 	C:\WINDOWS\WinSxS\amd64_microsoft.windows.common-controls_6595b64144ccf1df_6.0.18362.1256_none_9e7e379be45e40e2\COMCTL32.dll
0x00007fffee780000 - 0x00007fffee916000 	C:\WINDOWS\System32\gdi32full.dll
0x00007ffff0ba0000 - 0x00007ffff0ed6000 	C:\WINDOWS\System32\combase.dll
0x00007fffeeb30000 - 0x00007fffeebce000 	C:\WINDOWS\System32\msvcp_win.dll
0x00007fffeea70000 - 0x00007fffeeaf1000 	C:\WINDOWS\System32\bcryptPrimitives.dll
0x00007fffe10b0000 - 0x00007fffe10ba000 	C:\WINDOWS\SYSTEM32\VERSION.dll
0x00007ffff01d0000 - 0x00007ffff01fe000 	C:\WINDOWS\System32\IMM32.DLL
0x00007fffda410000 - 0x00007fffda41c000 	C:\Program Files\Java\jdk-16\bin\vcruntime140_1.dll
0x00007fffc4d30000 - 0x00007fffc4dc1000 	C:\Program Files\Java\jdk-16\bin\msvcp140.dll
0x00007fffaa370000 - 0x00007fffaaf1b000 	C:\Program Files\Java\jdk-16\bin\server\jvm.dll
0x00007ffff0f50000 - 0x00007ffff0f58000 	C:\WINDOWS\System32\PSAPI.DLL
0x00007fffda4c0000 - 0x00007fffda4c9000 	C:\WINDOWS\SYSTEM32\WSOCK32.dll
0x00007fffebb40000 - 0x00007fffebb64000 	C:\WINDOWS\SYSTEM32\WINMM.dll
0x00007fffef3b0000 - 0x00007fffef41f000 	C:\WINDOWS\System32\WS2_32.dll
0x00007fffeb6c0000 - 0x00007fffeb6ed000 	C:\WINDOWS\SYSTEM32\WINMMBASE.dll
0x00007fffee370000 - 0x00007fffee3ba000 	C:\WINDOWS\System32\cfgmgr32.dll
0x00007fffee1e0000 - 0x00007fffee1f1000 	C:\WINDOWS\System32\kernel.appcore.dll
0x00007fffda3d0000 - 0x00007fffda3da000 	C:\Program Files\Java\jdk-16\bin\jimage.dll
0x00007fffedac0000 - 0x00007fffedcb4000 	C:\WINDOWS\SYSTEM32\DBGHELP.DLL
0x00007fffeda10000 - 0x00007fffeda3a000 	C:\WINDOWS\SYSTEM32\dbgcore.DLL
0x00007fffc7790000 - 0x00007fffc77b5000 	C:\Program Files\Java\jdk-16\bin\java.dll

dbghelp: loaded successfully - version: 4.0.5 - missing functions: none
symbol engine: initialized successfully - sym options: 0x614 - pdb path: .;C:\Program Files\Java\jdk-16\bin;C:\WINDOWS\SYSTEM32;C:\WINDOWS\WinSxS\amd64_microsoft.windows.common-controls_6595b64144ccf1df_6.0.18362.1256_none_9e7e379be45e40e2;C:\Program Files\Java\jdk-16\bin\server

VM Arguments:
java_command: PlaceOrder
java_class_path (initial): C:\Users\ABC\Documents\NetBeansProjects\NetBeansVisualApp\target\classes;C:\Users\ABC\.m2\repository\unknown\binary\AbsoluteLayout\SNAPSHOT\AbsoluteLayout-SNAPSHOT.jar
Launcher Type: SUN_STANDARD

[Global flags]
     intx CICompilerCount                          = 3                                         {product} {ergonomic}
     uint ConcGCThreads                            = 1                                         {product} {ergonomic}
     uint G1ConcRefinementThreads                  = 4                                         {product} {ergonomic}
   size_t G1HeapRegionSize                         = 1048576                                   {product} {ergonomic}
    uintx GCDrainStackTargetSize                   = 64                                        {product} {ergonomic}
   size_t InitialHeapSize                          = 67108864                                  {product} {ergonomic}
   size_t MarkStackSize                            = 4194304                                   {product} {ergonomic}
   size_t MaxHeapSize                              = 1046478848                                {product} {ergonomic}
   size_t MinHeapDeltaBytes                        = 1048576                                   {product} {ergonomic}
   size_t MinHeapSize                              = 8388608                                   {product} {ergonomic}
    uintx NonNMethodCodeHeapSize                   = 5832780                                {pd product} {ergonomic}
    uintx NonProfiledCodeHeapSize                  = 122912730                              {pd product} {ergonomic}
    uintx ProfiledCodeHeapSize                     = 122912730                              {pd product} {ergonomic}
    uintx ReservedCodeCacheSize                    = 251658240                              {pd product} {ergonomic}
     bool SegmentedCodeCache                       = true                                      {product} {ergonomic}
   size_t SoftMaxHeapSize                          = 1046478848                             {manageable} {ergonomic}
     bool UseCompressedClassPointers               = true                           {product lp64_product} {ergonomic}
     bool UseCompressedOops                        = true                           {product lp64_product} {ergonomic}
     bool UseG1GC                                  = true                                      {product} {ergonomic}
     bool UseLargePagesIndividualAllocation        = false                                  {pd product} {ergonomic}

Logging:
Log output configuration:
 #0: stdout all=warning uptime,level,tags
 #1: stderr all=off uptime,level,tags

Environment Variables:
JAVA_HOME=C:\Program Files\Java\jdk-16
PATH=C:\Program Files\Common Files\Oracle\Java\javapath;C:\WINDOWS\system32;C:\WINDOWS;C:\WINDOWS\System32\Wbem;C:\WINDOWS\System32\WindowsPowerShell\v1.0\;C:\WINDOWS\System32\OpenSSH\;C:\Program Files\Git\cmd;C:\Users\ABC\AppData\Local\Programs\Microsoft VS Code\bin;C:\Users\ABC\AppData\Local\Microsoft\WindowsApps;C:\Program Files (x86)\mingw-w64\i686-8.1.0-posix-dwarf-rt_v6-rev0\mingw32\bin;;E:\RJ Data\Programs\IntelliJ IDEA Community Edition 2021.1\bin;
USERNAME=ABC
OS=Windows_NT
PROCESSOR_IDENTIFIER=Intel64 Family 6 Model 58 Stepping 9, GenuineIntel



---------------  S Y S T E M  ---------------

OS:
 Windows 10 , 64 bit Build 18362 (10.0.18362.1110)
OS uptime: 0 days 5:37 hours

CPU: total 4 (initial active 4) (2 cores per cpu, 2 threads per core) family 6 model 58 stepping 9 microcode 0x21, cx8, cmov, fxsr, ht, mmx, sse, sse2, sse3, ssse3, sse4.1, sse4.2, popcnt, tsc, tscinvbit, avx, aes, erms, clmul, vzeroupper, clflush

Memory: 4k page, system-wide physical 3990M (357M free)
TotalPageFile size 9191M (AvailPageFile size 48M)
current process WorkingSet (physical memory assigned to process): 9M, peak: 9M
current process commit charge ("private bytes"): 51M, peak: 115M

vm_info: Java HotSpot(TM) 64-Bit Server VM (16+36-2231) for windows-amd64 JRE (16+36-2231), built on Feb  8 2021 11:43:10 by "mach5one" with MS VC++ 16.7 (VS2019)

END.
